<?xml version='1.0' encoding='utf-8' standalone='yes' ?><testsuites><testsuite name="com.example.not3r.test.Not3rListTest"><testcase classname="com.example.not3r.test.Not3rListTest" name="testNavigationDrawer" time="1.265" /><testcase classname="com.example.not3r.test.Not3rListTest" name="testStartActivity" time="0.298" /></testsuite></testsuites>